c:\users\aaron\documents\programs\physicsim github\opengl\physicsim\physicsim1\x64\debug\vc143.pdb
c:\users\aaron\documents\programs\physicsim github\opengl\physicsim\physicsim1\x64\debug\vc143.idb
c:\users\aaron\documents\programs\physicsim github\opengl\physicsim\physicsim1\x64\debug\vector2.obj
c:\users\aaron\documents\programs\physicsim github\opengl\physicsim\physicsim1\x64\debug\particle.obj
c:\users\aaron\documents\programs\physicsim github\opengl\physicsim\x64\debug\physicsim1.exe
c:\users\aaron\documents\programs\physicsim github\opengl\physicsim\x64\debug\physicsim1.pdb
c:\users\aaron\documents\programs\physicsim github\opengl\physicsim\physicsim1\x64\debug\physicsim1.ilk
c:\users\aaron\documents\programs\physicsim github\opengl\physicsim\physicsim1\x64\debug\application.obj
c:\users\aaron\documents\programs\physicsim github\opengl\physicsim\physicsim1\x64\debug\indexbuffer.obj
c:\users\aaron\documents\programs\physicsim github\opengl\physicsim\physicsim1\x64\debug\renderer.obj
c:\users\aaron\documents\programs\physicsim github\opengl\physicsim\physicsim1\x64\debug\shader.obj
c:\users\aaron\documents\programs\physicsim github\opengl\physicsim\physicsim1\x64\debug\vertexarray.obj
c:\users\aaron\documents\programs\physicsim github\opengl\physicsim\physicsim1\x64\debug\vertexbuffer.obj
c:\users\aaron\documents\programs\physicsim github\opengl\physicsim\physicsim1\x64\debug\physicsim1.tlog\cl.command.1.tlog
c:\users\aaron\documents\programs\physicsim github\opengl\physicsim\physicsim1\x64\debug\physicsim1.tlog\cl.items.tlog
c:\users\aaron\documents\programs\physicsim github\opengl\physicsim\physicsim1\x64\debug\physicsim1.tlog\cl.read.1.tlog
c:\users\aaron\documents\programs\physicsim github\opengl\physicsim\physicsim1\x64\debug\physicsim1.tlog\cl.write.1.tlog
c:\users\aaron\documents\programs\physicsim github\opengl\physicsim\physicsim1\x64\debug\physicsim1.tlog\link.command.1.tlog
c:\users\aaron\documents\programs\physicsim github\opengl\physicsim\physicsim1\x64\debug\physicsim1.tlog\link.read.1.tlog
c:\users\aaron\documents\programs\physicsim github\opengl\physicsim\physicsim1\x64\debug\physicsim1.tlog\link.secondary.1.tlog
c:\users\aaron\documents\programs\physicsim github\opengl\physicsim\physicsim1\x64\debug\physicsim1.tlog\link.write.1.tlog
