c:\users\aaron\documents\programs\physicsim github\opengl\physicsim\physicsim\x64\debug\vc143.pdb
c:\users\aaron\documents\programs\physicsim github\opengl\physicsim\physicsim\x64\debug\vc143.idb
c:\users\aaron\documents\programs\physicsim github\opengl\physicsim\physicsim\x64\debug\application.obj
c:\users\aaron\documents\programs\physicsim github\opengl\physicsim\physicsim\x64\debug\vertexbuffer.obj
c:\users\aaron\documents\programs\physicsim github\opengl\physicsim\physicsim\x64\debug\indexbuffer.obj
c:\users\aaron\documents\programs\physicsim github\opengl\physicsim\physicsim\x64\debug\shader.obj
c:\users\aaron\documents\programs\physicsim github\opengl\physicsim\physicsim\x64\debug\vertexarray.obj
c:\users\aaron\documents\programs\physicsim github\opengl\physicsim\physicsim\x64\debug\renderer.obj
c:\users\aaron\documents\programs\physicsim github\opengl\physicsim\physicsim\x64\debug\physics.obj
c:\users\aaron\documents\programs\physicsim github\opengl\physicsim\x64\debug\physicsim.exe
c:\users\aaron\documents\programs\physicsim github\opengl\physicsim\x64\debug\physicsim.pdb
c:\users\aaron\documents\programs\physicsim github\opengl\physicsim\physicsim\x64\debug\physicsim.ilk
c:\users\aaron\documents\programs\physicsim github\opengl\physicsim\physicsim\x64\debug\shaderclass.obj
c:\users\aaron\documents\programs\physicsim github\opengl\physicsim\physicsim\x64\debug\vertexbufferlayout.obj
c:\users\aaron\documents\programs\physicsim github\opengl\physicsim\physicsim\x64\debug\application.obj.enc
c:\users\aaron\documents\programs\physicsim github\opengl\physicsim\physicsim\x64\debug\physicsim.tlog\cl.command.1.tlog
c:\users\aaron\documents\programs\physicsim github\opengl\physicsim\physicsim\x64\debug\physicsim.tlog\cl.items.tlog
c:\users\aaron\documents\programs\physicsim github\opengl\physicsim\physicsim\x64\debug\physicsim.tlog\cl.read.1.tlog
c:\users\aaron\documents\programs\physicsim github\opengl\physicsim\physicsim\x64\debug\physicsim.tlog\cl.write.1.tlog
c:\users\aaron\documents\programs\physicsim github\opengl\physicsim\physicsim\x64\debug\physicsim.tlog\link.command.1.tlog
c:\users\aaron\documents\programs\physicsim github\opengl\physicsim\physicsim\x64\debug\physicsim.tlog\link.read.1.tlog
c:\users\aaron\documents\programs\physicsim github\opengl\physicsim\physicsim\x64\debug\physicsim.tlog\link.secondary.1.tlog
c:\users\aaron\documents\programs\physicsim github\opengl\physicsim\physicsim\x64\debug\physicsim.tlog\link.write.1.tlog
