  shader.cpp
C:\Users\aaron\Documents\GitHub\Physicsim-Github\OpenGL\PhysicSim\Dependencies\glm\glm\detail\type_vec3.inl(58,7): error C2440: "static_cast": "Z" kann nicht in "float" konvertiert werden
C:\Users\aaron\Documents\GitHub\Physicsim-Github\OpenGL\PhysicSim\Dependencies\glm\glm\detail\type_vec3.inl(58,7): error C2440:         with
C:\Users\aaron\Documents\GitHub\Physicsim-Github\OpenGL\PhysicSim\Dependencies\glm\glm\detail\type_vec3.inl(58,7): error C2440:         [
C:\Users\aaron\Documents\GitHub\Physicsim-Github\OpenGL\PhysicSim\Dependencies\glm\glm\detail\type_vec3.inl(58,7): error C2440:             Z=glm::vec<3,float,glm::packed_highp>
C:\Users\aaron\Documents\GitHub\Physicsim-Github\OpenGL\PhysicSim\Dependencies\glm\glm\detail\type_vec3.inl(58,7): error C2440:         ]
  (Quelldatei „src/shader.cpp“ wird kompiliert)
      C:\Users\aaron\Documents\GitHub\Physicsim-Github\OpenGL\PhysicSim\Dependencies\glm\glm\detail\type_vec3.inl(58,7):
      Kein benutzerdefinierter Konvertierungsoperator verfügbar, der diese Konvertierung durchführen kann, oder der Operator kann nicht aufgerufen werden
      C:\Users\aaron\Documents\GitHub\Physicsim-Github\OpenGL\PhysicSim\Dependencies\glm\glm\detail\type_vec3.inl(58,7):
      der Vorlageninstanziierungskontext (der älteste zuerst) ist
          C:\Users\aaron\Documents\GitHub\Physicsim-Github\OpenGL\PhysicSim\PhysicSim\src\shader.cpp(13,72):
          Siehe Verweis auf die gerade kompilierte Instanziierung "glm::vec<3,float,glm::packed_highp>::vec<float,float,glm::vec<3,float,glm::packed_highp>>(X,Y,Z)" der Funktions-Vorlage.
          with
          [
              X=float,
              Y=float,
              Z=glm::vec<3,float,glm::packed_highp>
          ]
              C:\Users\aaron\Documents\GitHub\Physicsim-Github\OpenGL\PhysicSim\PhysicSim\src\shader.cpp(13,36):
              Ersten Verweis auf "glm::vec<3,float,glm::packed_highp>::vec" in "transform" anzeigen
  
